Created by PLY version 3.11 (http://www.dabeaz.com/ply)

Unused terminals:

    AND
    COMA
    COMENTARIO
    ENTRE
    MIENTRAS
    MINUSMINUS
    NOT
    OR
    PARA
    PLUSPLUS

Grammar

Rule 0     S' -> declaracion
Rule 1     declaracion -> SI
Rule 2     declaracion -> EQUALS
Rule 3     declaracion -> SINO
Rule 4     expresion -> COMMA
Rule 5     declaracion -> expresion
Rule 6     expresion -> expresion SUMA expresion
Rule 7     expresion -> expresion RESTA expresion
Rule 8     expresion -> expresion MULT expresion
Rule 9     expresion -> expresion DIV expresion
Rule 10    expresion -> expresion POTENCIA expresion
Rule 11    expresion -> expresion MODULO expresion
Rule 12    expresion -> LLAIZQ expresion LLADER
Rule 13    expresion -> CORIZQ expresion CORDER
Rule 14    expresion -> expresion MENORQUE expresion
Rule 15    expresion -> expresion MAYORQUE expresion
Rule 16    expresion -> expresion MENORIGUAL expresion
Rule 17    expresion -> expresion MAYORIGUAL expresion
Rule 18    expresion -> expresion IGUAL expresion
Rule 19    expresion -> expresion DISTINTO expresion
Rule 20    expresion -> expresion COMILLA expresion
Rule 21    expresion -> ENTERO
Rule 22    expresion -> PARENT
Rule 23    expresion -> DECIMAL
Rule 24    expresion -> VARIABLE
Rule 25    expresion -> END
Rule 26    expresion -> STRING

Terminals, with rules where they appear

AND                  : 
COMA                 : 
COMENTARIO           : 
COMILLA              : 20
COMMA                : 4
CORDER               : 13
CORIZQ               : 13
DECIMAL              : 23
DISTINTO             : 19
DIV                  : 9
END                  : 25
ENTERO               : 21
ENTRE                : 
EQUALS               : 2
IGUAL                : 18
LLADER               : 12
LLAIZQ               : 12
MAYORIGUAL           : 17
MAYORQUE             : 15
MENORIGUAL           : 16
MENORQUE             : 14
MIENTRAS             : 
MINUSMINUS           : 
MODULO               : 11
MULT                 : 8
NOT                  : 
OR                   : 
PARA                 : 
PARENT               : 22
PLUSPLUS             : 
POTENCIA             : 10
RESTA                : 7
SI                   : 1
SINO                 : 3
STRING               : 26
SUMA                 : 6
VARIABLE             : 24
error                : 

Nonterminals, with rules where they appear

declaracion          : 0
expresion            : 5 6 6 7 7 8 8 9 9 10 10 11 11 12 13 14 14 15 15 16 16 17 17 18 18 19 19 20 20

Parsing method: LALR

state 0

    (0) S' -> . declaracion
    (1) declaracion -> . SI
    (2) declaracion -> . EQUALS
    (3) declaracion -> . SINO
    (5) declaracion -> . expresion
    (4) expresion -> . COMMA
    (6) expresion -> . expresion SUMA expresion
    (7) expresion -> . expresion RESTA expresion
    (8) expresion -> . expresion MULT expresion
    (9) expresion -> . expresion DIV expresion
    (10) expresion -> . expresion POTENCIA expresion
    (11) expresion -> . expresion MODULO expresion
    (12) expresion -> . LLAIZQ expresion LLADER
    (13) expresion -> . CORIZQ expresion CORDER
    (14) expresion -> . expresion MENORQUE expresion
    (15) expresion -> . expresion MAYORQUE expresion
    (16) expresion -> . expresion MENORIGUAL expresion
    (17) expresion -> . expresion MAYORIGUAL expresion
    (18) expresion -> . expresion IGUAL expresion
    (19) expresion -> . expresion DISTINTO expresion
    (20) expresion -> . expresion COMILLA expresion
    (21) expresion -> . ENTERO
    (22) expresion -> . PARENT
    (23) expresion -> . DECIMAL
    (24) expresion -> . VARIABLE
    (25) expresion -> . END
    (26) expresion -> . STRING

    SI              shift and go to state 2
    EQUALS          shift and go to state 3
    SINO            shift and go to state 4
    COMMA           shift and go to state 6
    LLAIZQ          shift and go to state 7
    CORIZQ          shift and go to state 8
    ENTERO          shift and go to state 9
    PARENT          shift and go to state 10
    DECIMAL         shift and go to state 11
    VARIABLE        shift and go to state 12
    END             shift and go to state 13
    STRING          shift and go to state 14

    declaracion                    shift and go to state 1
    expresion                      shift and go to state 5

state 1

    (0) S' -> declaracion .



state 2

    (1) declaracion -> SI .

    $end            reduce using rule 1 (declaracion -> SI .)


state 3

    (2) declaracion -> EQUALS .

    $end            reduce using rule 2 (declaracion -> EQUALS .)


state 4

    (3) declaracion -> SINO .

    $end            reduce using rule 3 (declaracion -> SINO .)


state 5

    (5) declaracion -> expresion .
    (6) expresion -> expresion . SUMA expresion
    (7) expresion -> expresion . RESTA expresion
    (8) expresion -> expresion . MULT expresion
    (9) expresion -> expresion . DIV expresion
    (10) expresion -> expresion . POTENCIA expresion
    (11) expresion -> expresion . MODULO expresion
    (14) expresion -> expresion . MENORQUE expresion
    (15) expresion -> expresion . MAYORQUE expresion
    (16) expresion -> expresion . MENORIGUAL expresion
    (17) expresion -> expresion . MAYORIGUAL expresion
    (18) expresion -> expresion . IGUAL expresion
    (19) expresion -> expresion . DISTINTO expresion
    (20) expresion -> expresion . COMILLA expresion

    $end            reduce using rule 5 (declaracion -> expresion .)
    SUMA            shift and go to state 15
    RESTA           shift and go to state 16
    MULT            shift and go to state 17
    DIV             shift and go to state 18
    POTENCIA        shift and go to state 19
    MODULO          shift and go to state 20
    MENORQUE        shift and go to state 21
    MAYORQUE        shift and go to state 22
    MENORIGUAL      shift and go to state 23
    MAYORIGUAL      shift and go to state 24
    IGUAL           shift and go to state 25
    DISTINTO        shift and go to state 26
    COMILLA         shift and go to state 27


state 6

    (4) expresion -> COMMA .

    SUMA            reduce using rule 4 (expresion -> COMMA .)
    RESTA           reduce using rule 4 (expresion -> COMMA .)
    MULT            reduce using rule 4 (expresion -> COMMA .)
    DIV             reduce using rule 4 (expresion -> COMMA .)
    POTENCIA        reduce using rule 4 (expresion -> COMMA .)
    MODULO          reduce using rule 4 (expresion -> COMMA .)
    MENORQUE        reduce using rule 4 (expresion -> COMMA .)
    MAYORQUE        reduce using rule 4 (expresion -> COMMA .)
    MENORIGUAL      reduce using rule 4 (expresion -> COMMA .)
    MAYORIGUAL      reduce using rule 4 (expresion -> COMMA .)
    IGUAL           reduce using rule 4 (expresion -> COMMA .)
    DISTINTO        reduce using rule 4 (expresion -> COMMA .)
    COMILLA         reduce using rule 4 (expresion -> COMMA .)
    $end            reduce using rule 4 (expresion -> COMMA .)
    LLADER          reduce using rule 4 (expresion -> COMMA .)
    CORDER          reduce using rule 4 (expresion -> COMMA .)


state 7

    (12) expresion -> LLAIZQ . expresion LLADER
    (4) expresion -> . COMMA
    (6) expresion -> . expresion SUMA expresion
    (7) expresion -> . expresion RESTA expresion
    (8) expresion -> . expresion MULT expresion
    (9) expresion -> . expresion DIV expresion
    (10) expresion -> . expresion POTENCIA expresion
    (11) expresion -> . expresion MODULO expresion
    (12) expresion -> . LLAIZQ expresion LLADER
    (13) expresion -> . CORIZQ expresion CORDER
    (14) expresion -> . expresion MENORQUE expresion
    (15) expresion -> . expresion MAYORQUE expresion
    (16) expresion -> . expresion MENORIGUAL expresion
    (17) expresion -> . expresion MAYORIGUAL expresion
    (18) expresion -> . expresion IGUAL expresion
    (19) expresion -> . expresion DISTINTO expresion
    (20) expresion -> . expresion COMILLA expresion
    (21) expresion -> . ENTERO
    (22) expresion -> . PARENT
    (23) expresion -> . DECIMAL
    (24) expresion -> . VARIABLE
    (25) expresion -> . END
    (26) expresion -> . STRING

    COMMA           shift and go to state 6
    LLAIZQ          shift and go to state 7
    CORIZQ          shift and go to state 8
    ENTERO          shift and go to state 9
    PARENT          shift and go to state 10
    DECIMAL         shift and go to state 11
    VARIABLE        shift and go to state 12
    END             shift and go to state 13
    STRING          shift and go to state 14

    expresion                      shift and go to state 28

state 8

    (13) expresion -> CORIZQ . expresion CORDER
    (4) expresion -> . COMMA
    (6) expresion -> . expresion SUMA expresion
    (7) expresion -> . expresion RESTA expresion
    (8) expresion -> . expresion MULT expresion
    (9) expresion -> . expresion DIV expresion
    (10) expresion -> . expresion POTENCIA expresion
    (11) expresion -> . expresion MODULO expresion
    (12) expresion -> . LLAIZQ expresion LLADER
    (13) expresion -> . CORIZQ expresion CORDER
    (14) expresion -> . expresion MENORQUE expresion
    (15) expresion -> . expresion MAYORQUE expresion
    (16) expresion -> . expresion MENORIGUAL expresion
    (17) expresion -> . expresion MAYORIGUAL expresion
    (18) expresion -> . expresion IGUAL expresion
    (19) expresion -> . expresion DISTINTO expresion
    (20) expresion -> . expresion COMILLA expresion
    (21) expresion -> . ENTERO
    (22) expresion -> . PARENT
    (23) expresion -> . DECIMAL
    (24) expresion -> . VARIABLE
    (25) expresion -> . END
    (26) expresion -> . STRING

    COMMA           shift and go to state 6
    LLAIZQ          shift and go to state 7
    CORIZQ          shift and go to state 8
    ENTERO          shift and go to state 9
    PARENT          shift and go to state 10
    DECIMAL         shift and go to state 11
    VARIABLE        shift and go to state 12
    END             shift and go to state 13
    STRING          shift and go to state 14

    expresion                      shift and go to state 29

state 9

    (21) expresion -> ENTERO .

    SUMA            reduce using rule 21 (expresion -> ENTERO .)
    RESTA           reduce using rule 21 (expresion -> ENTERO .)
    MULT            reduce using rule 21 (expresion -> ENTERO .)
    DIV             reduce using rule 21 (expresion -> ENTERO .)
    POTENCIA        reduce using rule 21 (expresion -> ENTERO .)
    MODULO          reduce using rule 21 (expresion -> ENTERO .)
    MENORQUE        reduce using rule 21 (expresion -> ENTERO .)
    MAYORQUE        reduce using rule 21 (expresion -> ENTERO .)
    MENORIGUAL      reduce using rule 21 (expresion -> ENTERO .)
    MAYORIGUAL      reduce using rule 21 (expresion -> ENTERO .)
    IGUAL           reduce using rule 21 (expresion -> ENTERO .)
    DISTINTO        reduce using rule 21 (expresion -> ENTERO .)
    COMILLA         reduce using rule 21 (expresion -> ENTERO .)
    $end            reduce using rule 21 (expresion -> ENTERO .)
    LLADER          reduce using rule 21 (expresion -> ENTERO .)
    CORDER          reduce using rule 21 (expresion -> ENTERO .)


state 10

    (22) expresion -> PARENT .

    SUMA            reduce using rule 22 (expresion -> PARENT .)
    RESTA           reduce using rule 22 (expresion -> PARENT .)
    MULT            reduce using rule 22 (expresion -> PARENT .)
    DIV             reduce using rule 22 (expresion -> PARENT .)
    POTENCIA        reduce using rule 22 (expresion -> PARENT .)
    MODULO          reduce using rule 22 (expresion -> PARENT .)
    MENORQUE        reduce using rule 22 (expresion -> PARENT .)
    MAYORQUE        reduce using rule 22 (expresion -> PARENT .)
    MENORIGUAL      reduce using rule 22 (expresion -> PARENT .)
    MAYORIGUAL      reduce using rule 22 (expresion -> PARENT .)
    IGUAL           reduce using rule 22 (expresion -> PARENT .)
    DISTINTO        reduce using rule 22 (expresion -> PARENT .)
    COMILLA         reduce using rule 22 (expresion -> PARENT .)
    $end            reduce using rule 22 (expresion -> PARENT .)
    LLADER          reduce using rule 22 (expresion -> PARENT .)
    CORDER          reduce using rule 22 (expresion -> PARENT .)


state 11

    (23) expresion -> DECIMAL .

    SUMA            reduce using rule 23 (expresion -> DECIMAL .)
    RESTA           reduce using rule 23 (expresion -> DECIMAL .)
    MULT            reduce using rule 23 (expresion -> DECIMAL .)
    DIV             reduce using rule 23 (expresion -> DECIMAL .)
    POTENCIA        reduce using rule 23 (expresion -> DECIMAL .)
    MODULO          reduce using rule 23 (expresion -> DECIMAL .)
    MENORQUE        reduce using rule 23 (expresion -> DECIMAL .)
    MAYORQUE        reduce using rule 23 (expresion -> DECIMAL .)
    MENORIGUAL      reduce using rule 23 (expresion -> DECIMAL .)
    MAYORIGUAL      reduce using rule 23 (expresion -> DECIMAL .)
    IGUAL           reduce using rule 23 (expresion -> DECIMAL .)
    DISTINTO        reduce using rule 23 (expresion -> DECIMAL .)
    COMILLA         reduce using rule 23 (expresion -> DECIMAL .)
    $end            reduce using rule 23 (expresion -> DECIMAL .)
    LLADER          reduce using rule 23 (expresion -> DECIMAL .)
    CORDER          reduce using rule 23 (expresion -> DECIMAL .)


state 12

    (24) expresion -> VARIABLE .

    SUMA            reduce using rule 24 (expresion -> VARIABLE .)
    RESTA           reduce using rule 24 (expresion -> VARIABLE .)
    MULT            reduce using rule 24 (expresion -> VARIABLE .)
    DIV             reduce using rule 24 (expresion -> VARIABLE .)
    POTENCIA        reduce using rule 24 (expresion -> VARIABLE .)
    MODULO          reduce using rule 24 (expresion -> VARIABLE .)
    MENORQUE        reduce using rule 24 (expresion -> VARIABLE .)
    MAYORQUE        reduce using rule 24 (expresion -> VARIABLE .)
    MENORIGUAL      reduce using rule 24 (expresion -> VARIABLE .)
    MAYORIGUAL      reduce using rule 24 (expresion -> VARIABLE .)
    IGUAL           reduce using rule 24 (expresion -> VARIABLE .)
    DISTINTO        reduce using rule 24 (expresion -> VARIABLE .)
    COMILLA         reduce using rule 24 (expresion -> VARIABLE .)
    $end            reduce using rule 24 (expresion -> VARIABLE .)
    LLADER          reduce using rule 24 (expresion -> VARIABLE .)
    CORDER          reduce using rule 24 (expresion -> VARIABLE .)


state 13

    (25) expresion -> END .

    SUMA            reduce using rule 25 (expresion -> END .)
    RESTA           reduce using rule 25 (expresion -> END .)
    MULT            reduce using rule 25 (expresion -> END .)
    DIV             reduce using rule 25 (expresion -> END .)
    POTENCIA        reduce using rule 25 (expresion -> END .)
    MODULO          reduce using rule 25 (expresion -> END .)
    MENORQUE        reduce using rule 25 (expresion -> END .)
    MAYORQUE        reduce using rule 25 (expresion -> END .)
    MENORIGUAL      reduce using rule 25 (expresion -> END .)
    MAYORIGUAL      reduce using rule 25 (expresion -> END .)
    IGUAL           reduce using rule 25 (expresion -> END .)
    DISTINTO        reduce using rule 25 (expresion -> END .)
    COMILLA         reduce using rule 25 (expresion -> END .)
    $end            reduce using rule 25 (expresion -> END .)
    LLADER          reduce using rule 25 (expresion -> END .)
    CORDER          reduce using rule 25 (expresion -> END .)


state 14

    (26) expresion -> STRING .

    SUMA            reduce using rule 26 (expresion -> STRING .)
    RESTA           reduce using rule 26 (expresion -> STRING .)
    MULT            reduce using rule 26 (expresion -> STRING .)
    DIV             reduce using rule 26 (expresion -> STRING .)
    POTENCIA        reduce using rule 26 (expresion -> STRING .)
    MODULO          reduce using rule 26 (expresion -> STRING .)
    MENORQUE        reduce using rule 26 (expresion -> STRING .)
    MAYORQUE        reduce using rule 26 (expresion -> STRING .)
    MENORIGUAL      reduce using rule 26 (expresion -> STRING .)
    MAYORIGUAL      reduce using rule 26 (expresion -> STRING .)
    IGUAL           reduce using rule 26 (expresion -> STRING .)
    DISTINTO        reduce using rule 26 (expresion -> STRING .)
    COMILLA         reduce using rule 26 (expresion -> STRING .)
    $end            reduce using rule 26 (expresion -> STRING .)
    LLADER          reduce using rule 26 (expresion -> STRING .)
    CORDER          reduce using rule 26 (expresion -> STRING .)


state 15

    (6) expresion -> expresion SUMA . expresion
    (4) expresion -> . COMMA
    (6) expresion -> . expresion SUMA expresion
    (7) expresion -> . expresion RESTA expresion
    (8) expresion -> . expresion MULT expresion
    (9) expresion -> . expresion DIV expresion
    (10) expresion -> . expresion POTENCIA expresion
    (11) expresion -> . expresion MODULO expresion
    (12) expresion -> . LLAIZQ expresion LLADER
    (13) expresion -> . CORIZQ expresion CORDER
    (14) expresion -> . expresion MENORQUE expresion
    (15) expresion -> . expresion MAYORQUE expresion
    (16) expresion -> . expresion MENORIGUAL expresion
    (17) expresion -> . expresion MAYORIGUAL expresion
    (18) expresion -> . expresion IGUAL expresion
    (19) expresion -> . expresion DISTINTO expresion
    (20) expresion -> . expresion COMILLA expresion
    (21) expresion -> . ENTERO
    (22) expresion -> . PARENT
    (23) expresion -> . DECIMAL
    (24) expresion -> . VARIABLE
    (25) expresion -> . END
    (26) expresion -> . STRING

    COMMA           shift and go to state 6
    LLAIZQ          shift and go to state 7
    CORIZQ          shift and go to state 8
    ENTERO          shift and go to state 9
    PARENT          shift and go to state 10
    DECIMAL         shift and go to state 11
    VARIABLE        shift and go to state 12
    END             shift and go to state 13
    STRING          shift and go to state 14

    expresion                      shift and go to state 30

state 16

    (7) expresion -> expresion RESTA . expresion
    (4) expresion -> . COMMA
    (6) expresion -> . expresion SUMA expresion
    (7) expresion -> . expresion RESTA expresion
    (8) expresion -> . expresion MULT expresion
    (9) expresion -> . expresion DIV expresion
    (10) expresion -> . expresion POTENCIA expresion
    (11) expresion -> . expresion MODULO expresion
    (12) expresion -> . LLAIZQ expresion LLADER
    (13) expresion -> . CORIZQ expresion CORDER
    (14) expresion -> . expresion MENORQUE expresion
    (15) expresion -> . expresion MAYORQUE expresion
    (16) expresion -> . expresion MENORIGUAL expresion
    (17) expresion -> . expresion MAYORIGUAL expresion
    (18) expresion -> . expresion IGUAL expresion
    (19) expresion -> . expresion DISTINTO expresion
    (20) expresion -> . expresion COMILLA expresion
    (21) expresion -> . ENTERO
    (22) expresion -> . PARENT
    (23) expresion -> . DECIMAL
    (24) expresion -> . VARIABLE
    (25) expresion -> . END
    (26) expresion -> . STRING

    COMMA           shift and go to state 6
    LLAIZQ          shift and go to state 7
    CORIZQ          shift and go to state 8
    ENTERO          shift and go to state 9
    PARENT          shift and go to state 10
    DECIMAL         shift and go to state 11
    VARIABLE        shift and go to state 12
    END             shift and go to state 13
    STRING          shift and go to state 14

    expresion                      shift and go to state 31

state 17

    (8) expresion -> expresion MULT . expresion
    (4) expresion -> . COMMA
    (6) expresion -> . expresion SUMA expresion
    (7) expresion -> . expresion RESTA expresion
    (8) expresion -> . expresion MULT expresion
    (9) expresion -> . expresion DIV expresion
    (10) expresion -> . expresion POTENCIA expresion
    (11) expresion -> . expresion MODULO expresion
    (12) expresion -> . LLAIZQ expresion LLADER
    (13) expresion -> . CORIZQ expresion CORDER
    (14) expresion -> . expresion MENORQUE expresion
    (15) expresion -> . expresion MAYORQUE expresion
    (16) expresion -> . expresion MENORIGUAL expresion
    (17) expresion -> . expresion MAYORIGUAL expresion
    (18) expresion -> . expresion IGUAL expresion
    (19) expresion -> . expresion DISTINTO expresion
    (20) expresion -> . expresion COMILLA expresion
    (21) expresion -> . ENTERO
    (22) expresion -> . PARENT
    (23) expresion -> . DECIMAL
    (24) expresion -> . VARIABLE
    (25) expresion -> . END
    (26) expresion -> . STRING

    COMMA           shift and go to state 6
    LLAIZQ          shift and go to state 7
    CORIZQ          shift and go to state 8
    ENTERO          shift and go to state 9
    PARENT          shift and go to state 10
    DECIMAL         shift and go to state 11
    VARIABLE        shift and go to state 12
    END             shift and go to state 13
    STRING          shift and go to state 14

    expresion                      shift and go to state 32

state 18

    (9) expresion -> expresion DIV . expresion
    (4) expresion -> . COMMA
    (6) expresion -> . expresion SUMA expresion
    (7) expresion -> . expresion RESTA expresion
    (8) expresion -> . expresion MULT expresion
    (9) expresion -> . expresion DIV expresion
    (10) expresion -> . expresion POTENCIA expresion
    (11) expresion -> . expresion MODULO expresion
    (12) expresion -> . LLAIZQ expresion LLADER
    (13) expresion -> . CORIZQ expresion CORDER
    (14) expresion -> . expresion MENORQUE expresion
    (15) expresion -> . expresion MAYORQUE expresion
    (16) expresion -> . expresion MENORIGUAL expresion
    (17) expresion -> . expresion MAYORIGUAL expresion
    (18) expresion -> . expresion IGUAL expresion
    (19) expresion -> . expresion DISTINTO expresion
    (20) expresion -> . expresion COMILLA expresion
    (21) expresion -> . ENTERO
    (22) expresion -> . PARENT
    (23) expresion -> . DECIMAL
    (24) expresion -> . VARIABLE
    (25) expresion -> . END
    (26) expresion -> . STRING

    COMMA           shift and go to state 6
    LLAIZQ          shift and go to state 7
    CORIZQ          shift and go to state 8
    ENTERO          shift and go to state 9
    PARENT          shift and go to state 10
    DECIMAL         shift and go to state 11
    VARIABLE        shift and go to state 12
    END             shift and go to state 13
    STRING          shift and go to state 14

    expresion                      shift and go to state 33

state 19

    (10) expresion -> expresion POTENCIA . expresion
    (4) expresion -> . COMMA
    (6) expresion -> . expresion SUMA expresion
    (7) expresion -> . expresion RESTA expresion
    (8) expresion -> . expresion MULT expresion
    (9) expresion -> . expresion DIV expresion
    (10) expresion -> . expresion POTENCIA expresion
    (11) expresion -> . expresion MODULO expresion
    (12) expresion -> . LLAIZQ expresion LLADER
    (13) expresion -> . CORIZQ expresion CORDER
    (14) expresion -> . expresion MENORQUE expresion
    (15) expresion -> . expresion MAYORQUE expresion
    (16) expresion -> . expresion MENORIGUAL expresion
    (17) expresion -> . expresion MAYORIGUAL expresion
    (18) expresion -> . expresion IGUAL expresion
    (19) expresion -> . expresion DISTINTO expresion
    (20) expresion -> . expresion COMILLA expresion
    (21) expresion -> . ENTERO
    (22) expresion -> . PARENT
    (23) expresion -> . DECIMAL
    (24) expresion -> . VARIABLE
    (25) expresion -> . END
    (26) expresion -> . STRING

    COMMA           shift and go to state 6
    LLAIZQ          shift and go to state 7
    CORIZQ          shift and go to state 8
    ENTERO          shift and go to state 9
    PARENT          shift and go to state 10
    DECIMAL         shift and go to state 11
    VARIABLE        shift and go to state 12
    END             shift and go to state 13
    STRING          shift and go to state 14

    expresion                      shift and go to state 34

state 20

    (11) expresion -> expresion MODULO . expresion
    (4) expresion -> . COMMA
    (6) expresion -> . expresion SUMA expresion
    (7) expresion -> . expresion RESTA expresion
    (8) expresion -> . expresion MULT expresion
    (9) expresion -> . expresion DIV expresion
    (10) expresion -> . expresion POTENCIA expresion
    (11) expresion -> . expresion MODULO expresion
    (12) expresion -> . LLAIZQ expresion LLADER
    (13) expresion -> . CORIZQ expresion CORDER
    (14) expresion -> . expresion MENORQUE expresion
    (15) expresion -> . expresion MAYORQUE expresion
    (16) expresion -> . expresion MENORIGUAL expresion
    (17) expresion -> . expresion MAYORIGUAL expresion
    (18) expresion -> . expresion IGUAL expresion
    (19) expresion -> . expresion DISTINTO expresion
    (20) expresion -> . expresion COMILLA expresion
    (21) expresion -> . ENTERO
    (22) expresion -> . PARENT
    (23) expresion -> . DECIMAL
    (24) expresion -> . VARIABLE
    (25) expresion -> . END
    (26) expresion -> . STRING

    COMMA           shift and go to state 6
    LLAIZQ          shift and go to state 7
    CORIZQ          shift and go to state 8
    ENTERO          shift and go to state 9
    PARENT          shift and go to state 10
    DECIMAL         shift and go to state 11
    VARIABLE        shift and go to state 12
    END             shift and go to state 13
    STRING          shift and go to state 14

    expresion                      shift and go to state 35

state 21

    (14) expresion -> expresion MENORQUE . expresion
    (4) expresion -> . COMMA
    (6) expresion -> . expresion SUMA expresion
    (7) expresion -> . expresion RESTA expresion
    (8) expresion -> . expresion MULT expresion
    (9) expresion -> . expresion DIV expresion
    (10) expresion -> . expresion POTENCIA expresion
    (11) expresion -> . expresion MODULO expresion
    (12) expresion -> . LLAIZQ expresion LLADER
    (13) expresion -> . CORIZQ expresion CORDER
    (14) expresion -> . expresion MENORQUE expresion
    (15) expresion -> . expresion MAYORQUE expresion
    (16) expresion -> . expresion MENORIGUAL expresion
    (17) expresion -> . expresion MAYORIGUAL expresion
    (18) expresion -> . expresion IGUAL expresion
    (19) expresion -> . expresion DISTINTO expresion
    (20) expresion -> . expresion COMILLA expresion
    (21) expresion -> . ENTERO
    (22) expresion -> . PARENT
    (23) expresion -> . DECIMAL
    (24) expresion -> . VARIABLE
    (25) expresion -> . END
    (26) expresion -> . STRING

    COMMA           shift and go to state 6
    LLAIZQ          shift and go to state 7
    CORIZQ          shift and go to state 8
    ENTERO          shift and go to state 9
    PARENT          shift and go to state 10
    DECIMAL         shift and go to state 11
    VARIABLE        shift and go to state 12
    END             shift and go to state 13
    STRING          shift and go to state 14

    expresion                      shift and go to state 36

state 22

    (15) expresion -> expresion MAYORQUE . expresion
    (4) expresion -> . COMMA
    (6) expresion -> . expresion SUMA expresion
    (7) expresion -> . expresion RESTA expresion
    (8) expresion -> . expresion MULT expresion
    (9) expresion -> . expresion DIV expresion
    (10) expresion -> . expresion POTENCIA expresion
    (11) expresion -> . expresion MODULO expresion
    (12) expresion -> . LLAIZQ expresion LLADER
    (13) expresion -> . CORIZQ expresion CORDER
    (14) expresion -> . expresion MENORQUE expresion
    (15) expresion -> . expresion MAYORQUE expresion
    (16) expresion -> . expresion MENORIGUAL expresion
    (17) expresion -> . expresion MAYORIGUAL expresion
    (18) expresion -> . expresion IGUAL expresion
    (19) expresion -> . expresion DISTINTO expresion
    (20) expresion -> . expresion COMILLA expresion
    (21) expresion -> . ENTERO
    (22) expresion -> . PARENT
    (23) expresion -> . DECIMAL
    (24) expresion -> . VARIABLE
    (25) expresion -> . END
    (26) expresion -> . STRING

    COMMA           shift and go to state 6
    LLAIZQ          shift and go to state 7
    CORIZQ          shift and go to state 8
    ENTERO          shift and go to state 9
    PARENT          shift and go to state 10
    DECIMAL         shift and go to state 11
    VARIABLE        shift and go to state 12
    END             shift and go to state 13
    STRING          shift and go to state 14

    expresion                      shift and go to state 37

state 23

    (16) expresion -> expresion MENORIGUAL . expresion
    (4) expresion -> . COMMA
    (6) expresion -> . expresion SUMA expresion
    (7) expresion -> . expresion RESTA expresion
    (8) expresion -> . expresion MULT expresion
    (9) expresion -> . expresion DIV expresion
    (10) expresion -> . expresion POTENCIA expresion
    (11) expresion -> . expresion MODULO expresion
    (12) expresion -> . LLAIZQ expresion LLADER
    (13) expresion -> . CORIZQ expresion CORDER
    (14) expresion -> . expresion MENORQUE expresion
    (15) expresion -> . expresion MAYORQUE expresion
    (16) expresion -> . expresion MENORIGUAL expresion
    (17) expresion -> . expresion MAYORIGUAL expresion
    (18) expresion -> . expresion IGUAL expresion
    (19) expresion -> . expresion DISTINTO expresion
    (20) expresion -> . expresion COMILLA expresion
    (21) expresion -> . ENTERO
    (22) expresion -> . PARENT
    (23) expresion -> . DECIMAL
    (24) expresion -> . VARIABLE
    (25) expresion -> . END
    (26) expresion -> . STRING

    COMMA           shift and go to state 6
    LLAIZQ          shift and go to state 7
    CORIZQ          shift and go to state 8
    ENTERO          shift and go to state 9
    PARENT          shift and go to state 10
    DECIMAL         shift and go to state 11
    VARIABLE        shift and go to state 12
    END             shift and go to state 13
    STRING          shift and go to state 14

    expresion                      shift and go to state 38

state 24

    (17) expresion -> expresion MAYORIGUAL . expresion
    (4) expresion -> . COMMA
    (6) expresion -> . expresion SUMA expresion
    (7) expresion -> . expresion RESTA expresion
    (8) expresion -> . expresion MULT expresion
    (9) expresion -> . expresion DIV expresion
    (10) expresion -> . expresion POTENCIA expresion
    (11) expresion -> . expresion MODULO expresion
    (12) expresion -> . LLAIZQ expresion LLADER
    (13) expresion -> . CORIZQ expresion CORDER
    (14) expresion -> . expresion MENORQUE expresion
    (15) expresion -> . expresion MAYORQUE expresion
    (16) expresion -> . expresion MENORIGUAL expresion
    (17) expresion -> . expresion MAYORIGUAL expresion
    (18) expresion -> . expresion IGUAL expresion
    (19) expresion -> . expresion DISTINTO expresion
    (20) expresion -> . expresion COMILLA expresion
    (21) expresion -> . ENTERO
    (22) expresion -> . PARENT
    (23) expresion -> . DECIMAL
    (24) expresion -> . VARIABLE
    (25) expresion -> . END
    (26) expresion -> . STRING

    COMMA           shift and go to state 6
    LLAIZQ          shift and go to state 7
    CORIZQ          shift and go to state 8
    ENTERO          shift and go to state 9
    PARENT          shift and go to state 10
    DECIMAL         shift and go to state 11
    VARIABLE        shift and go to state 12
    END             shift and go to state 13
    STRING          shift and go to state 14

    expresion                      shift and go to state 39

state 25

    (18) expresion -> expresion IGUAL . expresion
    (4) expresion -> . COMMA
    (6) expresion -> . expresion SUMA expresion
    (7) expresion -> . expresion RESTA expresion
    (8) expresion -> . expresion MULT expresion
    (9) expresion -> . expresion DIV expresion
    (10) expresion -> . expresion POTENCIA expresion
    (11) expresion -> . expresion MODULO expresion
    (12) expresion -> . LLAIZQ expresion LLADER
    (13) expresion -> . CORIZQ expresion CORDER
    (14) expresion -> . expresion MENORQUE expresion
    (15) expresion -> . expresion MAYORQUE expresion
    (16) expresion -> . expresion MENORIGUAL expresion
    (17) expresion -> . expresion MAYORIGUAL expresion
    (18) expresion -> . expresion IGUAL expresion
    (19) expresion -> . expresion DISTINTO expresion
    (20) expresion -> . expresion COMILLA expresion
    (21) expresion -> . ENTERO
    (22) expresion -> . PARENT
    (23) expresion -> . DECIMAL
    (24) expresion -> . VARIABLE
    (25) expresion -> . END
    (26) expresion -> . STRING

    COMMA           shift and go to state 6
    LLAIZQ          shift and go to state 7
    CORIZQ          shift and go to state 8
    ENTERO          shift and go to state 9
    PARENT          shift and go to state 10
    DECIMAL         shift and go to state 11
    VARIABLE        shift and go to state 12
    END             shift and go to state 13
    STRING          shift and go to state 14

    expresion                      shift and go to state 40

state 26

    (19) expresion -> expresion DISTINTO . expresion
    (4) expresion -> . COMMA
    (6) expresion -> . expresion SUMA expresion
    (7) expresion -> . expresion RESTA expresion
    (8) expresion -> . expresion MULT expresion
    (9) expresion -> . expresion DIV expresion
    (10) expresion -> . expresion POTENCIA expresion
    (11) expresion -> . expresion MODULO expresion
    (12) expresion -> . LLAIZQ expresion LLADER
    (13) expresion -> . CORIZQ expresion CORDER
    (14) expresion -> . expresion MENORQUE expresion
    (15) expresion -> . expresion MAYORQUE expresion
    (16) expresion -> . expresion MENORIGUAL expresion
    (17) expresion -> . expresion MAYORIGUAL expresion
    (18) expresion -> . expresion IGUAL expresion
    (19) expresion -> . expresion DISTINTO expresion
    (20) expresion -> . expresion COMILLA expresion
    (21) expresion -> . ENTERO
    (22) expresion -> . PARENT
    (23) expresion -> . DECIMAL
    (24) expresion -> . VARIABLE
    (25) expresion -> . END
    (26) expresion -> . STRING

    COMMA           shift and go to state 6
    LLAIZQ          shift and go to state 7
    CORIZQ          shift and go to state 8
    ENTERO          shift and go to state 9
    PARENT          shift and go to state 10
    DECIMAL         shift and go to state 11
    VARIABLE        shift and go to state 12
    END             shift and go to state 13
    STRING          shift and go to state 14

    expresion                      shift and go to state 41

state 27

    (20) expresion -> expresion COMILLA . expresion
    (4) expresion -> . COMMA
    (6) expresion -> . expresion SUMA expresion
    (7) expresion -> . expresion RESTA expresion
    (8) expresion -> . expresion MULT expresion
    (9) expresion -> . expresion DIV expresion
    (10) expresion -> . expresion POTENCIA expresion
    (11) expresion -> . expresion MODULO expresion
    (12) expresion -> . LLAIZQ expresion LLADER
    (13) expresion -> . CORIZQ expresion CORDER
    (14) expresion -> . expresion MENORQUE expresion
    (15) expresion -> . expresion MAYORQUE expresion
    (16) expresion -> . expresion MENORIGUAL expresion
    (17) expresion -> . expresion MAYORIGUAL expresion
    (18) expresion -> . expresion IGUAL expresion
    (19) expresion -> . expresion DISTINTO expresion
    (20) expresion -> . expresion COMILLA expresion
    (21) expresion -> . ENTERO
    (22) expresion -> . PARENT
    (23) expresion -> . DECIMAL
    (24) expresion -> . VARIABLE
    (25) expresion -> . END
    (26) expresion -> . STRING

    COMMA           shift and go to state 6
    LLAIZQ          shift and go to state 7
    CORIZQ          shift and go to state 8
    ENTERO          shift and go to state 9
    PARENT          shift and go to state 10
    DECIMAL         shift and go to state 11
    VARIABLE        shift and go to state 12
    END             shift and go to state 13
    STRING          shift and go to state 14

    expresion                      shift and go to state 42

state 28

    (12) expresion -> LLAIZQ expresion . LLADER
    (6) expresion -> expresion . SUMA expresion
    (7) expresion -> expresion . RESTA expresion
    (8) expresion -> expresion . MULT expresion
    (9) expresion -> expresion . DIV expresion
    (10) expresion -> expresion . POTENCIA expresion
    (11) expresion -> expresion . MODULO expresion
    (14) expresion -> expresion . MENORQUE expresion
    (15) expresion -> expresion . MAYORQUE expresion
    (16) expresion -> expresion . MENORIGUAL expresion
    (17) expresion -> expresion . MAYORIGUAL expresion
    (18) expresion -> expresion . IGUAL expresion
    (19) expresion -> expresion . DISTINTO expresion
    (20) expresion -> expresion . COMILLA expresion

    LLADER          shift and go to state 43
    SUMA            shift and go to state 15
    RESTA           shift and go to state 16
    MULT            shift and go to state 17
    DIV             shift and go to state 18
    POTENCIA        shift and go to state 19
    MODULO          shift and go to state 20
    MENORQUE        shift and go to state 21
    MAYORQUE        shift and go to state 22
    MENORIGUAL      shift and go to state 23
    MAYORIGUAL      shift and go to state 24
    IGUAL           shift and go to state 25
    DISTINTO        shift and go to state 26
    COMILLA         shift and go to state 27


state 29

    (13) expresion -> CORIZQ expresion . CORDER
    (6) expresion -> expresion . SUMA expresion
    (7) expresion -> expresion . RESTA expresion
    (8) expresion -> expresion . MULT expresion
    (9) expresion -> expresion . DIV expresion
    (10) expresion -> expresion . POTENCIA expresion
    (11) expresion -> expresion . MODULO expresion
    (14) expresion -> expresion . MENORQUE expresion
    (15) expresion -> expresion . MAYORQUE expresion
    (16) expresion -> expresion . MENORIGUAL expresion
    (17) expresion -> expresion . MAYORIGUAL expresion
    (18) expresion -> expresion . IGUAL expresion
    (19) expresion -> expresion . DISTINTO expresion
    (20) expresion -> expresion . COMILLA expresion

    CORDER          shift and go to state 44
    SUMA            shift and go to state 15
    RESTA           shift and go to state 16
    MULT            shift and go to state 17
    DIV             shift and go to state 18
    POTENCIA        shift and go to state 19
    MODULO          shift and go to state 20
    MENORQUE        shift and go to state 21
    MAYORQUE        shift and go to state 22
    MENORIGUAL      shift and go to state 23
    MAYORIGUAL      shift and go to state 24
    IGUAL           shift and go to state 25
    DISTINTO        shift and go to state 26
    COMILLA         shift and go to state 27


state 30

    (6) expresion -> expresion SUMA expresion .
    (6) expresion -> expresion . SUMA expresion
    (7) expresion -> expresion . RESTA expresion
    (8) expresion -> expresion . MULT expresion
    (9) expresion -> expresion . DIV expresion
    (10) expresion -> expresion . POTENCIA expresion
    (11) expresion -> expresion . MODULO expresion
    (14) expresion -> expresion . MENORQUE expresion
    (15) expresion -> expresion . MAYORQUE expresion
    (16) expresion -> expresion . MENORIGUAL expresion
    (17) expresion -> expresion . MAYORIGUAL expresion
    (18) expresion -> expresion . IGUAL expresion
    (19) expresion -> expresion . DISTINTO expresion
    (20) expresion -> expresion . COMILLA expresion

    SUMA            reduce using rule 6 (expresion -> expresion SUMA expresion .)
    RESTA           reduce using rule 6 (expresion -> expresion SUMA expresion .)
    POTENCIA        reduce using rule 6 (expresion -> expresion SUMA expresion .)
    MODULO          reduce using rule 6 (expresion -> expresion SUMA expresion .)
    MENORQUE        reduce using rule 6 (expresion -> expresion SUMA expresion .)
    MAYORQUE        reduce using rule 6 (expresion -> expresion SUMA expresion .)
    MENORIGUAL      reduce using rule 6 (expresion -> expresion SUMA expresion .)
    MAYORIGUAL      reduce using rule 6 (expresion -> expresion SUMA expresion .)
    IGUAL           reduce using rule 6 (expresion -> expresion SUMA expresion .)
    DISTINTO        reduce using rule 6 (expresion -> expresion SUMA expresion .)
    $end            reduce using rule 6 (expresion -> expresion SUMA expresion .)
    LLADER          reduce using rule 6 (expresion -> expresion SUMA expresion .)
    CORDER          reduce using rule 6 (expresion -> expresion SUMA expresion .)
    MULT            shift and go to state 17
    DIV             shift and go to state 18
    COMILLA         shift and go to state 27

  ! MULT            [ reduce using rule 6 (expresion -> expresion SUMA expresion .) ]
  ! DIV             [ reduce using rule 6 (expresion -> expresion SUMA expresion .) ]
  ! COMILLA         [ reduce using rule 6 (expresion -> expresion SUMA expresion .) ]
  ! SUMA            [ shift and go to state 15 ]
  ! RESTA           [ shift and go to state 16 ]
  ! POTENCIA        [ shift and go to state 19 ]
  ! MODULO          [ shift and go to state 20 ]
  ! MENORQUE        [ shift and go to state 21 ]
  ! MAYORQUE        [ shift and go to state 22 ]
  ! MENORIGUAL      [ shift and go to state 23 ]
  ! MAYORIGUAL      [ shift and go to state 24 ]
  ! IGUAL           [ shift and go to state 25 ]
  ! DISTINTO        [ shift and go to state 26 ]


state 31

    (7) expresion -> expresion RESTA expresion .
    (6) expresion -> expresion . SUMA expresion
    (7) expresion -> expresion . RESTA expresion
    (8) expresion -> expresion . MULT expresion
    (9) expresion -> expresion . DIV expresion
    (10) expresion -> expresion . POTENCIA expresion
    (11) expresion -> expresion . MODULO expresion
    (14) expresion -> expresion . MENORQUE expresion
    (15) expresion -> expresion . MAYORQUE expresion
    (16) expresion -> expresion . MENORIGUAL expresion
    (17) expresion -> expresion . MAYORIGUAL expresion
    (18) expresion -> expresion . IGUAL expresion
    (19) expresion -> expresion . DISTINTO expresion
    (20) expresion -> expresion . COMILLA expresion

    SUMA            reduce using rule 7 (expresion -> expresion RESTA expresion .)
    RESTA           reduce using rule 7 (expresion -> expresion RESTA expresion .)
    POTENCIA        reduce using rule 7 (expresion -> expresion RESTA expresion .)
    MODULO          reduce using rule 7 (expresion -> expresion RESTA expresion .)
    MENORQUE        reduce using rule 7 (expresion -> expresion RESTA expresion .)
    MAYORQUE        reduce using rule 7 (expresion -> expresion RESTA expresion .)
    MENORIGUAL      reduce using rule 7 (expresion -> expresion RESTA expresion .)
    MAYORIGUAL      reduce using rule 7 (expresion -> expresion RESTA expresion .)
    IGUAL           reduce using rule 7 (expresion -> expresion RESTA expresion .)
    DISTINTO        reduce using rule 7 (expresion -> expresion RESTA expresion .)
    $end            reduce using rule 7 (expresion -> expresion RESTA expresion .)
    LLADER          reduce using rule 7 (expresion -> expresion RESTA expresion .)
    CORDER          reduce using rule 7 (expresion -> expresion RESTA expresion .)
    MULT            shift and go to state 17
    DIV             shift and go to state 18
    COMILLA         shift and go to state 27

  ! MULT            [ reduce using rule 7 (expresion -> expresion RESTA expresion .) ]
  ! DIV             [ reduce using rule 7 (expresion -> expresion RESTA expresion .) ]
  ! COMILLA         [ reduce using rule 7 (expresion -> expresion RESTA expresion .) ]
  ! SUMA            [ shift and go to state 15 ]
  ! RESTA           [ shift and go to state 16 ]
  ! POTENCIA        [ shift and go to state 19 ]
  ! MODULO          [ shift and go to state 20 ]
  ! MENORQUE        [ shift and go to state 21 ]
  ! MAYORQUE        [ shift and go to state 22 ]
  ! MENORIGUAL      [ shift and go to state 23 ]
  ! MAYORIGUAL      [ shift and go to state 24 ]
  ! IGUAL           [ shift and go to state 25 ]
  ! DISTINTO        [ shift and go to state 26 ]


state 32

    (8) expresion -> expresion MULT expresion .
    (6) expresion -> expresion . SUMA expresion
    (7) expresion -> expresion . RESTA expresion
    (8) expresion -> expresion . MULT expresion
    (9) expresion -> expresion . DIV expresion
    (10) expresion -> expresion . POTENCIA expresion
    (11) expresion -> expresion . MODULO expresion
    (14) expresion -> expresion . MENORQUE expresion
    (15) expresion -> expresion . MAYORQUE expresion
    (16) expresion -> expresion . MENORIGUAL expresion
    (17) expresion -> expresion . MAYORIGUAL expresion
    (18) expresion -> expresion . IGUAL expresion
    (19) expresion -> expresion . DISTINTO expresion
    (20) expresion -> expresion . COMILLA expresion

    SUMA            reduce using rule 8 (expresion -> expresion MULT expresion .)
    RESTA           reduce using rule 8 (expresion -> expresion MULT expresion .)
    MULT            reduce using rule 8 (expresion -> expresion MULT expresion .)
    DIV             reduce using rule 8 (expresion -> expresion MULT expresion .)
    POTENCIA        reduce using rule 8 (expresion -> expresion MULT expresion .)
    MODULO          reduce using rule 8 (expresion -> expresion MULT expresion .)
    MENORQUE        reduce using rule 8 (expresion -> expresion MULT expresion .)
    MAYORQUE        reduce using rule 8 (expresion -> expresion MULT expresion .)
    MENORIGUAL      reduce using rule 8 (expresion -> expresion MULT expresion .)
    MAYORIGUAL      reduce using rule 8 (expresion -> expresion MULT expresion .)
    IGUAL           reduce using rule 8 (expresion -> expresion MULT expresion .)
    DISTINTO        reduce using rule 8 (expresion -> expresion MULT expresion .)
    $end            reduce using rule 8 (expresion -> expresion MULT expresion .)
    LLADER          reduce using rule 8 (expresion -> expresion MULT expresion .)
    CORDER          reduce using rule 8 (expresion -> expresion MULT expresion .)
    COMILLA         shift and go to state 27

  ! COMILLA         [ reduce using rule 8 (expresion -> expresion MULT expresion .) ]
  ! SUMA            [ shift and go to state 15 ]
  ! RESTA           [ shift and go to state 16 ]
  ! MULT            [ shift and go to state 17 ]
  ! DIV             [ shift and go to state 18 ]
  ! POTENCIA        [ shift and go to state 19 ]
  ! MODULO          [ shift and go to state 20 ]
  ! MENORQUE        [ shift and go to state 21 ]
  ! MAYORQUE        [ shift and go to state 22 ]
  ! MENORIGUAL      [ shift and go to state 23 ]
  ! MAYORIGUAL      [ shift and go to state 24 ]
  ! IGUAL           [ shift and go to state 25 ]
  ! DISTINTO        [ shift and go to state 26 ]


state 33

    (9) expresion -> expresion DIV expresion .
    (6) expresion -> expresion . SUMA expresion
    (7) expresion -> expresion . RESTA expresion
    (8) expresion -> expresion . MULT expresion
    (9) expresion -> expresion . DIV expresion
    (10) expresion -> expresion . POTENCIA expresion
    (11) expresion -> expresion . MODULO expresion
    (14) expresion -> expresion . MENORQUE expresion
    (15) expresion -> expresion . MAYORQUE expresion
    (16) expresion -> expresion . MENORIGUAL expresion
    (17) expresion -> expresion . MAYORIGUAL expresion
    (18) expresion -> expresion . IGUAL expresion
    (19) expresion -> expresion . DISTINTO expresion
    (20) expresion -> expresion . COMILLA expresion

    SUMA            reduce using rule 9 (expresion -> expresion DIV expresion .)
    RESTA           reduce using rule 9 (expresion -> expresion DIV expresion .)
    MULT            reduce using rule 9 (expresion -> expresion DIV expresion .)
    DIV             reduce using rule 9 (expresion -> expresion DIV expresion .)
    POTENCIA        reduce using rule 9 (expresion -> expresion DIV expresion .)
    MODULO          reduce using rule 9 (expresion -> expresion DIV expresion .)
    MENORQUE        reduce using rule 9 (expresion -> expresion DIV expresion .)
    MAYORQUE        reduce using rule 9 (expresion -> expresion DIV expresion .)
    MENORIGUAL      reduce using rule 9 (expresion -> expresion DIV expresion .)
    MAYORIGUAL      reduce using rule 9 (expresion -> expresion DIV expresion .)
    IGUAL           reduce using rule 9 (expresion -> expresion DIV expresion .)
    DISTINTO        reduce using rule 9 (expresion -> expresion DIV expresion .)
    $end            reduce using rule 9 (expresion -> expresion DIV expresion .)
    LLADER          reduce using rule 9 (expresion -> expresion DIV expresion .)
    CORDER          reduce using rule 9 (expresion -> expresion DIV expresion .)
    COMILLA         shift and go to state 27

  ! COMILLA         [ reduce using rule 9 (expresion -> expresion DIV expresion .) ]
  ! SUMA            [ shift and go to state 15 ]
  ! RESTA           [ shift and go to state 16 ]
  ! MULT            [ shift and go to state 17 ]
  ! DIV             [ shift and go to state 18 ]
  ! POTENCIA        [ shift and go to state 19 ]
  ! MODULO          [ shift and go to state 20 ]
  ! MENORQUE        [ shift and go to state 21 ]
  ! MAYORQUE        [ shift and go to state 22 ]
  ! MENORIGUAL      [ shift and go to state 23 ]
  ! MAYORIGUAL      [ shift and go to state 24 ]
  ! IGUAL           [ shift and go to state 25 ]
  ! DISTINTO        [ shift and go to state 26 ]


state 34

    (10) expresion -> expresion POTENCIA expresion .
    (6) expresion -> expresion . SUMA expresion
    (7) expresion -> expresion . RESTA expresion
    (8) expresion -> expresion . MULT expresion
    (9) expresion -> expresion . DIV expresion
    (10) expresion -> expresion . POTENCIA expresion
    (11) expresion -> expresion . MODULO expresion
    (14) expresion -> expresion . MENORQUE expresion
    (15) expresion -> expresion . MAYORQUE expresion
    (16) expresion -> expresion . MENORIGUAL expresion
    (17) expresion -> expresion . MAYORIGUAL expresion
    (18) expresion -> expresion . IGUAL expresion
    (19) expresion -> expresion . DISTINTO expresion
    (20) expresion -> expresion . COMILLA expresion

  ! shift/reduce conflict for SUMA resolved as shift
  ! shift/reduce conflict for RESTA resolved as shift
  ! shift/reduce conflict for MULT resolved as shift
  ! shift/reduce conflict for DIV resolved as shift
  ! shift/reduce conflict for POTENCIA resolved as shift
  ! shift/reduce conflict for MODULO resolved as shift
  ! shift/reduce conflict for MENORQUE resolved as shift
  ! shift/reduce conflict for MAYORQUE resolved as shift
  ! shift/reduce conflict for MENORIGUAL resolved as shift
  ! shift/reduce conflict for MAYORIGUAL resolved as shift
  ! shift/reduce conflict for IGUAL resolved as shift
  ! shift/reduce conflict for DISTINTO resolved as shift
  ! shift/reduce conflict for COMILLA resolved as shift
    $end            reduce using rule 10 (expresion -> expresion POTENCIA expresion .)
    LLADER          reduce using rule 10 (expresion -> expresion POTENCIA expresion .)
    CORDER          reduce using rule 10 (expresion -> expresion POTENCIA expresion .)
    SUMA            shift and go to state 15
    RESTA           shift and go to state 16
    MULT            shift and go to state 17
    DIV             shift and go to state 18
    POTENCIA        shift and go to state 19
    MODULO          shift and go to state 20
    MENORQUE        shift and go to state 21
    MAYORQUE        shift and go to state 22
    MENORIGUAL      shift and go to state 23
    MAYORIGUAL      shift and go to state 24
    IGUAL           shift and go to state 25
    DISTINTO        shift and go to state 26
    COMILLA         shift and go to state 27

  ! SUMA            [ reduce using rule 10 (expresion -> expresion POTENCIA expresion .) ]
  ! RESTA           [ reduce using rule 10 (expresion -> expresion POTENCIA expresion .) ]
  ! MULT            [ reduce using rule 10 (expresion -> expresion POTENCIA expresion .) ]
  ! DIV             [ reduce using rule 10 (expresion -> expresion POTENCIA expresion .) ]
  ! POTENCIA        [ reduce using rule 10 (expresion -> expresion POTENCIA expresion .) ]
  ! MODULO          [ reduce using rule 10 (expresion -> expresion POTENCIA expresion .) ]
  ! MENORQUE        [ reduce using rule 10 (expresion -> expresion POTENCIA expresion .) ]
  ! MAYORQUE        [ reduce using rule 10 (expresion -> expresion POTENCIA expresion .) ]
  ! MENORIGUAL      [ reduce using rule 10 (expresion -> expresion POTENCIA expresion .) ]
  ! MAYORIGUAL      [ reduce using rule 10 (expresion -> expresion POTENCIA expresion .) ]
  ! IGUAL           [ reduce using rule 10 (expresion -> expresion POTENCIA expresion .) ]
  ! DISTINTO        [ reduce using rule 10 (expresion -> expresion POTENCIA expresion .) ]
  ! COMILLA         [ reduce using rule 10 (expresion -> expresion POTENCIA expresion .) ]


state 35

    (11) expresion -> expresion MODULO expresion .
    (6) expresion -> expresion . SUMA expresion
    (7) expresion -> expresion . RESTA expresion
    (8) expresion -> expresion . MULT expresion
    (9) expresion -> expresion . DIV expresion
    (10) expresion -> expresion . POTENCIA expresion
    (11) expresion -> expresion . MODULO expresion
    (14) expresion -> expresion . MENORQUE expresion
    (15) expresion -> expresion . MAYORQUE expresion
    (16) expresion -> expresion . MENORIGUAL expresion
    (17) expresion -> expresion . MAYORIGUAL expresion
    (18) expresion -> expresion . IGUAL expresion
    (19) expresion -> expresion . DISTINTO expresion
    (20) expresion -> expresion . COMILLA expresion

  ! shift/reduce conflict for SUMA resolved as shift
  ! shift/reduce conflict for RESTA resolved as shift
  ! shift/reduce conflict for MULT resolved as shift
  ! shift/reduce conflict for DIV resolved as shift
  ! shift/reduce conflict for POTENCIA resolved as shift
  ! shift/reduce conflict for MODULO resolved as shift
  ! shift/reduce conflict for MENORQUE resolved as shift
  ! shift/reduce conflict for MAYORQUE resolved as shift
  ! shift/reduce conflict for MENORIGUAL resolved as shift
  ! shift/reduce conflict for MAYORIGUAL resolved as shift
  ! shift/reduce conflict for IGUAL resolved as shift
  ! shift/reduce conflict for DISTINTO resolved as shift
  ! shift/reduce conflict for COMILLA resolved as shift
    $end            reduce using rule 11 (expresion -> expresion MODULO expresion .)
    LLADER          reduce using rule 11 (expresion -> expresion MODULO expresion .)
    CORDER          reduce using rule 11 (expresion -> expresion MODULO expresion .)
    SUMA            shift and go to state 15
    RESTA           shift and go to state 16
    MULT            shift and go to state 17
    DIV             shift and go to state 18
    POTENCIA        shift and go to state 19
    MODULO          shift and go to state 20
    MENORQUE        shift and go to state 21
    MAYORQUE        shift and go to state 22
    MENORIGUAL      shift and go to state 23
    MAYORIGUAL      shift and go to state 24
    IGUAL           shift and go to state 25
    DISTINTO        shift and go to state 26
    COMILLA         shift and go to state 27

  ! SUMA            [ reduce using rule 11 (expresion -> expresion MODULO expresion .) ]
  ! RESTA           [ reduce using rule 11 (expresion -> expresion MODULO expresion .) ]
  ! MULT            [ reduce using rule 11 (expresion -> expresion MODULO expresion .) ]
  ! DIV             [ reduce using rule 11 (expresion -> expresion MODULO expresion .) ]
  ! POTENCIA        [ reduce using rule 11 (expresion -> expresion MODULO expresion .) ]
  ! MODULO          [ reduce using rule 11 (expresion -> expresion MODULO expresion .) ]
  ! MENORQUE        [ reduce using rule 11 (expresion -> expresion MODULO expresion .) ]
  ! MAYORQUE        [ reduce using rule 11 (expresion -> expresion MODULO expresion .) ]
  ! MENORIGUAL      [ reduce using rule 11 (expresion -> expresion MODULO expresion .) ]
  ! MAYORIGUAL      [ reduce using rule 11 (expresion -> expresion MODULO expresion .) ]
  ! IGUAL           [ reduce using rule 11 (expresion -> expresion MODULO expresion .) ]
  ! DISTINTO        [ reduce using rule 11 (expresion -> expresion MODULO expresion .) ]
  ! COMILLA         [ reduce using rule 11 (expresion -> expresion MODULO expresion .) ]


state 36

    (14) expresion -> expresion MENORQUE expresion .
    (6) expresion -> expresion . SUMA expresion
    (7) expresion -> expresion . RESTA expresion
    (8) expresion -> expresion . MULT expresion
    (9) expresion -> expresion . DIV expresion
    (10) expresion -> expresion . POTENCIA expresion
    (11) expresion -> expresion . MODULO expresion
    (14) expresion -> expresion . MENORQUE expresion
    (15) expresion -> expresion . MAYORQUE expresion
    (16) expresion -> expresion . MENORIGUAL expresion
    (17) expresion -> expresion . MAYORIGUAL expresion
    (18) expresion -> expresion . IGUAL expresion
    (19) expresion -> expresion . DISTINTO expresion
    (20) expresion -> expresion . COMILLA expresion

  ! shift/reduce conflict for SUMA resolved as shift
  ! shift/reduce conflict for RESTA resolved as shift
  ! shift/reduce conflict for MULT resolved as shift
  ! shift/reduce conflict for DIV resolved as shift
  ! shift/reduce conflict for POTENCIA resolved as shift
  ! shift/reduce conflict for MODULO resolved as shift
  ! shift/reduce conflict for MENORQUE resolved as shift
  ! shift/reduce conflict for MAYORQUE resolved as shift
  ! shift/reduce conflict for MENORIGUAL resolved as shift
  ! shift/reduce conflict for MAYORIGUAL resolved as shift
  ! shift/reduce conflict for IGUAL resolved as shift
  ! shift/reduce conflict for DISTINTO resolved as shift
  ! shift/reduce conflict for COMILLA resolved as shift
    $end            reduce using rule 14 (expresion -> expresion MENORQUE expresion .)
    LLADER          reduce using rule 14 (expresion -> expresion MENORQUE expresion .)
    CORDER          reduce using rule 14 (expresion -> expresion MENORQUE expresion .)
    SUMA            shift and go to state 15
    RESTA           shift and go to state 16
    MULT            shift and go to state 17
    DIV             shift and go to state 18
    POTENCIA        shift and go to state 19
    MODULO          shift and go to state 20
    MENORQUE        shift and go to state 21
    MAYORQUE        shift and go to state 22
    MENORIGUAL      shift and go to state 23
    MAYORIGUAL      shift and go to state 24
    IGUAL           shift and go to state 25
    DISTINTO        shift and go to state 26
    COMILLA         shift and go to state 27

  ! SUMA            [ reduce using rule 14 (expresion -> expresion MENORQUE expresion .) ]
  ! RESTA           [ reduce using rule 14 (expresion -> expresion MENORQUE expresion .) ]
  ! MULT            [ reduce using rule 14 (expresion -> expresion MENORQUE expresion .) ]
  ! DIV             [ reduce using rule 14 (expresion -> expresion MENORQUE expresion .) ]
  ! POTENCIA        [ reduce using rule 14 (expresion -> expresion MENORQUE expresion .) ]
  ! MODULO          [ reduce using rule 14 (expresion -> expresion MENORQUE expresion .) ]
  ! MENORQUE        [ reduce using rule 14 (expresion -> expresion MENORQUE expresion .) ]
  ! MAYORQUE        [ reduce using rule 14 (expresion -> expresion MENORQUE expresion .) ]
  ! MENORIGUAL      [ reduce using rule 14 (expresion -> expresion MENORQUE expresion .) ]
  ! MAYORIGUAL      [ reduce using rule 14 (expresion -> expresion MENORQUE expresion .) ]
  ! IGUAL           [ reduce using rule 14 (expresion -> expresion MENORQUE expresion .) ]
  ! DISTINTO        [ reduce using rule 14 (expresion -> expresion MENORQUE expresion .) ]
  ! COMILLA         [ reduce using rule 14 (expresion -> expresion MENORQUE expresion .) ]


state 37

    (15) expresion -> expresion MAYORQUE expresion .
    (6) expresion -> expresion . SUMA expresion
    (7) expresion -> expresion . RESTA expresion
    (8) expresion -> expresion . MULT expresion
    (9) expresion -> expresion . DIV expresion
    (10) expresion -> expresion . POTENCIA expresion
    (11) expresion -> expresion . MODULO expresion
    (14) expresion -> expresion . MENORQUE expresion
    (15) expresion -> expresion . MAYORQUE expresion
    (16) expresion -> expresion . MENORIGUAL expresion
    (17) expresion -> expresion . MAYORIGUAL expresion
    (18) expresion -> expresion . IGUAL expresion
    (19) expresion -> expresion . DISTINTO expresion
    (20) expresion -> expresion . COMILLA expresion

  ! shift/reduce conflict for SUMA resolved as shift
  ! shift/reduce conflict for RESTA resolved as shift
  ! shift/reduce conflict for MULT resolved as shift
  ! shift/reduce conflict for DIV resolved as shift
  ! shift/reduce conflict for POTENCIA resolved as shift
  ! shift/reduce conflict for MODULO resolved as shift
  ! shift/reduce conflict for MENORQUE resolved as shift
  ! shift/reduce conflict for MAYORQUE resolved as shift
  ! shift/reduce conflict for MENORIGUAL resolved as shift
  ! shift/reduce conflict for MAYORIGUAL resolved as shift
  ! shift/reduce conflict for IGUAL resolved as shift
  ! shift/reduce conflict for DISTINTO resolved as shift
  ! shift/reduce conflict for COMILLA resolved as shift
    $end            reduce using rule 15 (expresion -> expresion MAYORQUE expresion .)
    LLADER          reduce using rule 15 (expresion -> expresion MAYORQUE expresion .)
    CORDER          reduce using rule 15 (expresion -> expresion MAYORQUE expresion .)
    SUMA            shift and go to state 15
    RESTA           shift and go to state 16
    MULT            shift and go to state 17
    DIV             shift and go to state 18
    POTENCIA        shift and go to state 19
    MODULO          shift and go to state 20
    MENORQUE        shift and go to state 21
    MAYORQUE        shift and go to state 22
    MENORIGUAL      shift and go to state 23
    MAYORIGUAL      shift and go to state 24
    IGUAL           shift and go to state 25
    DISTINTO        shift and go to state 26
    COMILLA         shift and go to state 27

  ! SUMA            [ reduce using rule 15 (expresion -> expresion MAYORQUE expresion .) ]
  ! RESTA           [ reduce using rule 15 (expresion -> expresion MAYORQUE expresion .) ]
  ! MULT            [ reduce using rule 15 (expresion -> expresion MAYORQUE expresion .) ]
  ! DIV             [ reduce using rule 15 (expresion -> expresion MAYORQUE expresion .) ]
  ! POTENCIA        [ reduce using rule 15 (expresion -> expresion MAYORQUE expresion .) ]
  ! MODULO          [ reduce using rule 15 (expresion -> expresion MAYORQUE expresion .) ]
  ! MENORQUE        [ reduce using rule 15 (expresion -> expresion MAYORQUE expresion .) ]
  ! MAYORQUE        [ reduce using rule 15 (expresion -> expresion MAYORQUE expresion .) ]
  ! MENORIGUAL      [ reduce using rule 15 (expresion -> expresion MAYORQUE expresion .) ]
  ! MAYORIGUAL      [ reduce using rule 15 (expresion -> expresion MAYORQUE expresion .) ]
  ! IGUAL           [ reduce using rule 15 (expresion -> expresion MAYORQUE expresion .) ]
  ! DISTINTO        [ reduce using rule 15 (expresion -> expresion MAYORQUE expresion .) ]
  ! COMILLA         [ reduce using rule 15 (expresion -> expresion MAYORQUE expresion .) ]


state 38

    (16) expresion -> expresion MENORIGUAL expresion .
    (6) expresion -> expresion . SUMA expresion
    (7) expresion -> expresion . RESTA expresion
    (8) expresion -> expresion . MULT expresion
    (9) expresion -> expresion . DIV expresion
    (10) expresion -> expresion . POTENCIA expresion
    (11) expresion -> expresion . MODULO expresion
    (14) expresion -> expresion . MENORQUE expresion
    (15) expresion -> expresion . MAYORQUE expresion
    (16) expresion -> expresion . MENORIGUAL expresion
    (17) expresion -> expresion . MAYORIGUAL expresion
    (18) expresion -> expresion . IGUAL expresion
    (19) expresion -> expresion . DISTINTO expresion
    (20) expresion -> expresion . COMILLA expresion

  ! shift/reduce conflict for SUMA resolved as shift
  ! shift/reduce conflict for RESTA resolved as shift
  ! shift/reduce conflict for MULT resolved as shift
  ! shift/reduce conflict for DIV resolved as shift
  ! shift/reduce conflict for POTENCIA resolved as shift
  ! shift/reduce conflict for MODULO resolved as shift
  ! shift/reduce conflict for MENORQUE resolved as shift
  ! shift/reduce conflict for MAYORQUE resolved as shift
  ! shift/reduce conflict for MENORIGUAL resolved as shift
  ! shift/reduce conflict for MAYORIGUAL resolved as shift
  ! shift/reduce conflict for IGUAL resolved as shift
  ! shift/reduce conflict for DISTINTO resolved as shift
  ! shift/reduce conflict for COMILLA resolved as shift
    $end            reduce using rule 16 (expresion -> expresion MENORIGUAL expresion .)
    LLADER          reduce using rule 16 (expresion -> expresion MENORIGUAL expresion .)
    CORDER          reduce using rule 16 (expresion -> expresion MENORIGUAL expresion .)
    SUMA            shift and go to state 15
    RESTA           shift and go to state 16
    MULT            shift and go to state 17
    DIV             shift and go to state 18
    POTENCIA        shift and go to state 19
    MODULO          shift and go to state 20
    MENORQUE        shift and go to state 21
    MAYORQUE        shift and go to state 22
    MENORIGUAL      shift and go to state 23
    MAYORIGUAL      shift and go to state 24
    IGUAL           shift and go to state 25
    DISTINTO        shift and go to state 26
    COMILLA         shift and go to state 27

  ! SUMA            [ reduce using rule 16 (expresion -> expresion MENORIGUAL expresion .) ]
  ! RESTA           [ reduce using rule 16 (expresion -> expresion MENORIGUAL expresion .) ]
  ! MULT            [ reduce using rule 16 (expresion -> expresion MENORIGUAL expresion .) ]
  ! DIV             [ reduce using rule 16 (expresion -> expresion MENORIGUAL expresion .) ]
  ! POTENCIA        [ reduce using rule 16 (expresion -> expresion MENORIGUAL expresion .) ]
  ! MODULO          [ reduce using rule 16 (expresion -> expresion MENORIGUAL expresion .) ]
  ! MENORQUE        [ reduce using rule 16 (expresion -> expresion MENORIGUAL expresion .) ]
  ! MAYORQUE        [ reduce using rule 16 (expresion -> expresion MENORIGUAL expresion .) ]
  ! MENORIGUAL      [ reduce using rule 16 (expresion -> expresion MENORIGUAL expresion .) ]
  ! MAYORIGUAL      [ reduce using rule 16 (expresion -> expresion MENORIGUAL expresion .) ]
  ! IGUAL           [ reduce using rule 16 (expresion -> expresion MENORIGUAL expresion .) ]
  ! DISTINTO        [ reduce using rule 16 (expresion -> expresion MENORIGUAL expresion .) ]
  ! COMILLA         [ reduce using rule 16 (expresion -> expresion MENORIGUAL expresion .) ]


state 39

    (17) expresion -> expresion MAYORIGUAL expresion .
    (6) expresion -> expresion . SUMA expresion
    (7) expresion -> expresion . RESTA expresion
    (8) expresion -> expresion . MULT expresion
    (9) expresion -> expresion . DIV expresion
    (10) expresion -> expresion . POTENCIA expresion
    (11) expresion -> expresion . MODULO expresion
    (14) expresion -> expresion . MENORQUE expresion
    (15) expresion -> expresion . MAYORQUE expresion
    (16) expresion -> expresion . MENORIGUAL expresion
    (17) expresion -> expresion . MAYORIGUAL expresion
    (18) expresion -> expresion . IGUAL expresion
    (19) expresion -> expresion . DISTINTO expresion
    (20) expresion -> expresion . COMILLA expresion

  ! shift/reduce conflict for SUMA resolved as shift
  ! shift/reduce conflict for RESTA resolved as shift
  ! shift/reduce conflict for MULT resolved as shift
  ! shift/reduce conflict for DIV resolved as shift
  ! shift/reduce conflict for POTENCIA resolved as shift
  ! shift/reduce conflict for MODULO resolved as shift
  ! shift/reduce conflict for MENORQUE resolved as shift
  ! shift/reduce conflict for MAYORQUE resolved as shift
  ! shift/reduce conflict for MENORIGUAL resolved as shift
  ! shift/reduce conflict for MAYORIGUAL resolved as shift
  ! shift/reduce conflict for IGUAL resolved as shift
  ! shift/reduce conflict for DISTINTO resolved as shift
  ! shift/reduce conflict for COMILLA resolved as shift
    $end            reduce using rule 17 (expresion -> expresion MAYORIGUAL expresion .)
    LLADER          reduce using rule 17 (expresion -> expresion MAYORIGUAL expresion .)
    CORDER          reduce using rule 17 (expresion -> expresion MAYORIGUAL expresion .)
    SUMA            shift and go to state 15
    RESTA           shift and go to state 16
    MULT            shift and go to state 17
    DIV             shift and go to state 18
    POTENCIA        shift and go to state 19
    MODULO          shift and go to state 20
    MENORQUE        shift and go to state 21
    MAYORQUE        shift and go to state 22
    MENORIGUAL      shift and go to state 23
    MAYORIGUAL      shift and go to state 24
    IGUAL           shift and go to state 25
    DISTINTO        shift and go to state 26
    COMILLA         shift and go to state 27

  ! SUMA            [ reduce using rule 17 (expresion -> expresion MAYORIGUAL expresion .) ]
  ! RESTA           [ reduce using rule 17 (expresion -> expresion MAYORIGUAL expresion .) ]
  ! MULT            [ reduce using rule 17 (expresion -> expresion MAYORIGUAL expresion .) ]
  ! DIV             [ reduce using rule 17 (expresion -> expresion MAYORIGUAL expresion .) ]
  ! POTENCIA        [ reduce using rule 17 (expresion -> expresion MAYORIGUAL expresion .) ]
  ! MODULO          [ reduce using rule 17 (expresion -> expresion MAYORIGUAL expresion .) ]
  ! MENORQUE        [ reduce using rule 17 (expresion -> expresion MAYORIGUAL expresion .) ]
  ! MAYORQUE        [ reduce using rule 17 (expresion -> expresion MAYORIGUAL expresion .) ]
  ! MENORIGUAL      [ reduce using rule 17 (expresion -> expresion MAYORIGUAL expresion .) ]
  ! MAYORIGUAL      [ reduce using rule 17 (expresion -> expresion MAYORIGUAL expresion .) ]
  ! IGUAL           [ reduce using rule 17 (expresion -> expresion MAYORIGUAL expresion .) ]
  ! DISTINTO        [ reduce using rule 17 (expresion -> expresion MAYORIGUAL expresion .) ]
  ! COMILLA         [ reduce using rule 17 (expresion -> expresion MAYORIGUAL expresion .) ]


state 40

    (18) expresion -> expresion IGUAL expresion .
    (6) expresion -> expresion . SUMA expresion
    (7) expresion -> expresion . RESTA expresion
    (8) expresion -> expresion . MULT expresion
    (9) expresion -> expresion . DIV expresion
    (10) expresion -> expresion . POTENCIA expresion
    (11) expresion -> expresion . MODULO expresion
    (14) expresion -> expresion . MENORQUE expresion
    (15) expresion -> expresion . MAYORQUE expresion
    (16) expresion -> expresion . MENORIGUAL expresion
    (17) expresion -> expresion . MAYORIGUAL expresion
    (18) expresion -> expresion . IGUAL expresion
    (19) expresion -> expresion . DISTINTO expresion
    (20) expresion -> expresion . COMILLA expresion

  ! shift/reduce conflict for SUMA resolved as shift
  ! shift/reduce conflict for RESTA resolved as shift
  ! shift/reduce conflict for MULT resolved as shift
  ! shift/reduce conflict for DIV resolved as shift
  ! shift/reduce conflict for POTENCIA resolved as shift
  ! shift/reduce conflict for MODULO resolved as shift
  ! shift/reduce conflict for MENORQUE resolved as shift
  ! shift/reduce conflict for MAYORQUE resolved as shift
  ! shift/reduce conflict for MENORIGUAL resolved as shift
  ! shift/reduce conflict for MAYORIGUAL resolved as shift
  ! shift/reduce conflict for IGUAL resolved as shift
  ! shift/reduce conflict for DISTINTO resolved as shift
  ! shift/reduce conflict for COMILLA resolved as shift
    $end            reduce using rule 18 (expresion -> expresion IGUAL expresion .)
    LLADER          reduce using rule 18 (expresion -> expresion IGUAL expresion .)
    CORDER          reduce using rule 18 (expresion -> expresion IGUAL expresion .)
    SUMA            shift and go to state 15
    RESTA           shift and go to state 16
    MULT            shift and go to state 17
    DIV             shift and go to state 18
    POTENCIA        shift and go to state 19
    MODULO          shift and go to state 20
    MENORQUE        shift and go to state 21
    MAYORQUE        shift and go to state 22
    MENORIGUAL      shift and go to state 23
    MAYORIGUAL      shift and go to state 24
    IGUAL           shift and go to state 25
    DISTINTO        shift and go to state 26
    COMILLA         shift and go to state 27

  ! SUMA            [ reduce using rule 18 (expresion -> expresion IGUAL expresion .) ]
  ! RESTA           [ reduce using rule 18 (expresion -> expresion IGUAL expresion .) ]
  ! MULT            [ reduce using rule 18 (expresion -> expresion IGUAL expresion .) ]
  ! DIV             [ reduce using rule 18 (expresion -> expresion IGUAL expresion .) ]
  ! POTENCIA        [ reduce using rule 18 (expresion -> expresion IGUAL expresion .) ]
  ! MODULO          [ reduce using rule 18 (expresion -> expresion IGUAL expresion .) ]
  ! MENORQUE        [ reduce using rule 18 (expresion -> expresion IGUAL expresion .) ]
  ! MAYORQUE        [ reduce using rule 18 (expresion -> expresion IGUAL expresion .) ]
  ! MENORIGUAL      [ reduce using rule 18 (expresion -> expresion IGUAL expresion .) ]
  ! MAYORIGUAL      [ reduce using rule 18 (expresion -> expresion IGUAL expresion .) ]
  ! IGUAL           [ reduce using rule 18 (expresion -> expresion IGUAL expresion .) ]
  ! DISTINTO        [ reduce using rule 18 (expresion -> expresion IGUAL expresion .) ]
  ! COMILLA         [ reduce using rule 18 (expresion -> expresion IGUAL expresion .) ]


state 41

    (19) expresion -> expresion DISTINTO expresion .
    (6) expresion -> expresion . SUMA expresion
    (7) expresion -> expresion . RESTA expresion
    (8) expresion -> expresion . MULT expresion
    (9) expresion -> expresion . DIV expresion
    (10) expresion -> expresion . POTENCIA expresion
    (11) expresion -> expresion . MODULO expresion
    (14) expresion -> expresion . MENORQUE expresion
    (15) expresion -> expresion . MAYORQUE expresion
    (16) expresion -> expresion . MENORIGUAL expresion
    (17) expresion -> expresion . MAYORIGUAL expresion
    (18) expresion -> expresion . IGUAL expresion
    (19) expresion -> expresion . DISTINTO expresion
    (20) expresion -> expresion . COMILLA expresion

  ! shift/reduce conflict for SUMA resolved as shift
  ! shift/reduce conflict for RESTA resolved as shift
  ! shift/reduce conflict for MULT resolved as shift
  ! shift/reduce conflict for DIV resolved as shift
  ! shift/reduce conflict for POTENCIA resolved as shift
  ! shift/reduce conflict for MODULO resolved as shift
  ! shift/reduce conflict for MENORQUE resolved as shift
  ! shift/reduce conflict for MAYORQUE resolved as shift
  ! shift/reduce conflict for MENORIGUAL resolved as shift
  ! shift/reduce conflict for MAYORIGUAL resolved as shift
  ! shift/reduce conflict for IGUAL resolved as shift
  ! shift/reduce conflict for DISTINTO resolved as shift
  ! shift/reduce conflict for COMILLA resolved as shift
    $end            reduce using rule 19 (expresion -> expresion DISTINTO expresion .)
    LLADER          reduce using rule 19 (expresion -> expresion DISTINTO expresion .)
    CORDER          reduce using rule 19 (expresion -> expresion DISTINTO expresion .)
    SUMA            shift and go to state 15
    RESTA           shift and go to state 16
    MULT            shift and go to state 17
    DIV             shift and go to state 18
    POTENCIA        shift and go to state 19
    MODULO          shift and go to state 20
    MENORQUE        shift and go to state 21
    MAYORQUE        shift and go to state 22
    MENORIGUAL      shift and go to state 23
    MAYORIGUAL      shift and go to state 24
    IGUAL           shift and go to state 25
    DISTINTO        shift and go to state 26
    COMILLA         shift and go to state 27

  ! SUMA            [ reduce using rule 19 (expresion -> expresion DISTINTO expresion .) ]
  ! RESTA           [ reduce using rule 19 (expresion -> expresion DISTINTO expresion .) ]
  ! MULT            [ reduce using rule 19 (expresion -> expresion DISTINTO expresion .) ]
  ! DIV             [ reduce using rule 19 (expresion -> expresion DISTINTO expresion .) ]
  ! POTENCIA        [ reduce using rule 19 (expresion -> expresion DISTINTO expresion .) ]
  ! MODULO          [ reduce using rule 19 (expresion -> expresion DISTINTO expresion .) ]
  ! MENORQUE        [ reduce using rule 19 (expresion -> expresion DISTINTO expresion .) ]
  ! MAYORQUE        [ reduce using rule 19 (expresion -> expresion DISTINTO expresion .) ]
  ! MENORIGUAL      [ reduce using rule 19 (expresion -> expresion DISTINTO expresion .) ]
  ! MAYORIGUAL      [ reduce using rule 19 (expresion -> expresion DISTINTO expresion .) ]
  ! IGUAL           [ reduce using rule 19 (expresion -> expresion DISTINTO expresion .) ]
  ! DISTINTO        [ reduce using rule 19 (expresion -> expresion DISTINTO expresion .) ]
  ! COMILLA         [ reduce using rule 19 (expresion -> expresion DISTINTO expresion .) ]


state 42

    (20) expresion -> expresion COMILLA expresion .
    (6) expresion -> expresion . SUMA expresion
    (7) expresion -> expresion . RESTA expresion
    (8) expresion -> expresion . MULT expresion
    (9) expresion -> expresion . DIV expresion
    (10) expresion -> expresion . POTENCIA expresion
    (11) expresion -> expresion . MODULO expresion
    (14) expresion -> expresion . MENORQUE expresion
    (15) expresion -> expresion . MAYORQUE expresion
    (16) expresion -> expresion . MENORIGUAL expresion
    (17) expresion -> expresion . MAYORIGUAL expresion
    (18) expresion -> expresion . IGUAL expresion
    (19) expresion -> expresion . DISTINTO expresion
    (20) expresion -> expresion . COMILLA expresion

    SUMA            reduce using rule 20 (expresion -> expresion COMILLA expresion .)
    RESTA           reduce using rule 20 (expresion -> expresion COMILLA expresion .)
    MULT            reduce using rule 20 (expresion -> expresion COMILLA expresion .)
    DIV             reduce using rule 20 (expresion -> expresion COMILLA expresion .)
    POTENCIA        reduce using rule 20 (expresion -> expresion COMILLA expresion .)
    MODULO          reduce using rule 20 (expresion -> expresion COMILLA expresion .)
    MENORQUE        reduce using rule 20 (expresion -> expresion COMILLA expresion .)
    MAYORQUE        reduce using rule 20 (expresion -> expresion COMILLA expresion .)
    MENORIGUAL      reduce using rule 20 (expresion -> expresion COMILLA expresion .)
    MAYORIGUAL      reduce using rule 20 (expresion -> expresion COMILLA expresion .)
    IGUAL           reduce using rule 20 (expresion -> expresion COMILLA expresion .)
    DISTINTO        reduce using rule 20 (expresion -> expresion COMILLA expresion .)
    $end            reduce using rule 20 (expresion -> expresion COMILLA expresion .)
    LLADER          reduce using rule 20 (expresion -> expresion COMILLA expresion .)
    CORDER          reduce using rule 20 (expresion -> expresion COMILLA expresion .)
    COMILLA         shift and go to state 27

  ! COMILLA         [ reduce using rule 20 (expresion -> expresion COMILLA expresion .) ]
  ! SUMA            [ shift and go to state 15 ]
  ! RESTA           [ shift and go to state 16 ]
  ! MULT            [ shift and go to state 17 ]
  ! DIV             [ shift and go to state 18 ]
  ! POTENCIA        [ shift and go to state 19 ]
  ! MODULO          [ shift and go to state 20 ]
  ! MENORQUE        [ shift and go to state 21 ]
  ! MAYORQUE        [ shift and go to state 22 ]
  ! MENORIGUAL      [ shift and go to state 23 ]
  ! MAYORIGUAL      [ shift and go to state 24 ]
  ! IGUAL           [ shift and go to state 25 ]
  ! DISTINTO        [ shift and go to state 26 ]


state 43

    (12) expresion -> LLAIZQ expresion LLADER .

    SUMA            reduce using rule 12 (expresion -> LLAIZQ expresion LLADER .)
    RESTA           reduce using rule 12 (expresion -> LLAIZQ expresion LLADER .)
    MULT            reduce using rule 12 (expresion -> LLAIZQ expresion LLADER .)
    DIV             reduce using rule 12 (expresion -> LLAIZQ expresion LLADER .)
    POTENCIA        reduce using rule 12 (expresion -> LLAIZQ expresion LLADER .)
    MODULO          reduce using rule 12 (expresion -> LLAIZQ expresion LLADER .)
    MENORQUE        reduce using rule 12 (expresion -> LLAIZQ expresion LLADER .)
    MAYORQUE        reduce using rule 12 (expresion -> LLAIZQ expresion LLADER .)
    MENORIGUAL      reduce using rule 12 (expresion -> LLAIZQ expresion LLADER .)
    MAYORIGUAL      reduce using rule 12 (expresion -> LLAIZQ expresion LLADER .)
    IGUAL           reduce using rule 12 (expresion -> LLAIZQ expresion LLADER .)
    DISTINTO        reduce using rule 12 (expresion -> LLAIZQ expresion LLADER .)
    COMILLA         reduce using rule 12 (expresion -> LLAIZQ expresion LLADER .)
    $end            reduce using rule 12 (expresion -> LLAIZQ expresion LLADER .)
    LLADER          reduce using rule 12 (expresion -> LLAIZQ expresion LLADER .)
    CORDER          reduce using rule 12 (expresion -> LLAIZQ expresion LLADER .)


state 44

    (13) expresion -> CORIZQ expresion CORDER .

    SUMA            reduce using rule 13 (expresion -> CORIZQ expresion CORDER .)
    RESTA           reduce using rule 13 (expresion -> CORIZQ expresion CORDER .)
    MULT            reduce using rule 13 (expresion -> CORIZQ expresion CORDER .)
    DIV             reduce using rule 13 (expresion -> CORIZQ expresion CORDER .)
    POTENCIA        reduce using rule 13 (expresion -> CORIZQ expresion CORDER .)
    MODULO          reduce using rule 13 (expresion -> CORIZQ expresion CORDER .)
    MENORQUE        reduce using rule 13 (expresion -> CORIZQ expresion CORDER .)
    MAYORQUE        reduce using rule 13 (expresion -> CORIZQ expresion CORDER .)
    MENORIGUAL      reduce using rule 13 (expresion -> CORIZQ expresion CORDER .)
    MAYORIGUAL      reduce using rule 13 (expresion -> CORIZQ expresion CORDER .)
    IGUAL           reduce using rule 13 (expresion -> CORIZQ expresion CORDER .)
    DISTINTO        reduce using rule 13 (expresion -> CORIZQ expresion CORDER .)
    COMILLA         reduce using rule 13 (expresion -> CORIZQ expresion CORDER .)
    $end            reduce using rule 13 (expresion -> CORIZQ expresion CORDER .)
    LLADER          reduce using rule 13 (expresion -> CORIZQ expresion CORDER .)
    CORDER          reduce using rule 13 (expresion -> CORIZQ expresion CORDER .)

WARNING: 
WARNING: Conflicts:
WARNING: 
WARNING: shift/reduce conflict for SUMA in state 34 resolved as shift
WARNING: shift/reduce conflict for RESTA in state 34 resolved as shift
WARNING: shift/reduce conflict for MULT in state 34 resolved as shift
WARNING: shift/reduce conflict for DIV in state 34 resolved as shift
WARNING: shift/reduce conflict for POTENCIA in state 34 resolved as shift
WARNING: shift/reduce conflict for MODULO in state 34 resolved as shift
WARNING: shift/reduce conflict for MENORQUE in state 34 resolved as shift
WARNING: shift/reduce conflict for MAYORQUE in state 34 resolved as shift
WARNING: shift/reduce conflict for MENORIGUAL in state 34 resolved as shift
WARNING: shift/reduce conflict for MAYORIGUAL in state 34 resolved as shift
WARNING: shift/reduce conflict for IGUAL in state 34 resolved as shift
WARNING: shift/reduce conflict for DISTINTO in state 34 resolved as shift
WARNING: shift/reduce conflict for COMILLA in state 34 resolved as shift
WARNING: shift/reduce conflict for SUMA in state 35 resolved as shift
WARNING: shift/reduce conflict for RESTA in state 35 resolved as shift
WARNING: shift/reduce conflict for MULT in state 35 resolved as shift
WARNING: shift/reduce conflict for DIV in state 35 resolved as shift
WARNING: shift/reduce conflict for POTENCIA in state 35 resolved as shift
WARNING: shift/reduce conflict for MODULO in state 35 resolved as shift
WARNING: shift/reduce conflict for MENORQUE in state 35 resolved as shift
WARNING: shift/reduce conflict for MAYORQUE in state 35 resolved as shift
WARNING: shift/reduce conflict for MENORIGUAL in state 35 resolved as shift
WARNING: shift/reduce conflict for MAYORIGUAL in state 35 resolved as shift
WARNING: shift/reduce conflict for IGUAL in state 35 resolved as shift
WARNING: shift/reduce conflict for DISTINTO in state 35 resolved as shift
WARNING: shift/reduce conflict for COMILLA in state 35 resolved as shift
WARNING: shift/reduce conflict for SUMA in state 36 resolved as shift
WARNING: shift/reduce conflict for RESTA in state 36 resolved as shift
WARNING: shift/reduce conflict for MULT in state 36 resolved as shift
WARNING: shift/reduce conflict for DIV in state 36 resolved as shift
WARNING: shift/reduce conflict for POTENCIA in state 36 resolved as shift
WARNING: shift/reduce conflict for MODULO in state 36 resolved as shift
WARNING: shift/reduce conflict for MENORQUE in state 36 resolved as shift
WARNING: shift/reduce conflict for MAYORQUE in state 36 resolved as shift
WARNING: shift/reduce conflict for MENORIGUAL in state 36 resolved as shift
WARNING: shift/reduce conflict for MAYORIGUAL in state 36 resolved as shift
WARNING: shift/reduce conflict for IGUAL in state 36 resolved as shift
WARNING: shift/reduce conflict for DISTINTO in state 36 resolved as shift
WARNING: shift/reduce conflict for COMILLA in state 36 resolved as shift
WARNING: shift/reduce conflict for SUMA in state 37 resolved as shift
WARNING: shift/reduce conflict for RESTA in state 37 resolved as shift
WARNING: shift/reduce conflict for MULT in state 37 resolved as shift
WARNING: shift/reduce conflict for DIV in state 37 resolved as shift
WARNING: shift/reduce conflict for POTENCIA in state 37 resolved as shift
WARNING: shift/reduce conflict for MODULO in state 37 resolved as shift
WARNING: shift/reduce conflict for MENORQUE in state 37 resolved as shift
WARNING: shift/reduce conflict for MAYORQUE in state 37 resolved as shift
WARNING: shift/reduce conflict for MENORIGUAL in state 37 resolved as shift
WARNING: shift/reduce conflict for MAYORIGUAL in state 37 resolved as shift
WARNING: shift/reduce conflict for IGUAL in state 37 resolved as shift
WARNING: shift/reduce conflict for DISTINTO in state 37 resolved as shift
WARNING: shift/reduce conflict for COMILLA in state 37 resolved as shift
WARNING: shift/reduce conflict for SUMA in state 38 resolved as shift
WARNING: shift/reduce conflict for RESTA in state 38 resolved as shift
WARNING: shift/reduce conflict for MULT in state 38 resolved as shift
WARNING: shift/reduce conflict for DIV in state 38 resolved as shift
WARNING: shift/reduce conflict for POTENCIA in state 38 resolved as shift
WARNING: shift/reduce conflict for MODULO in state 38 resolved as shift
WARNING: shift/reduce conflict for MENORQUE in state 38 resolved as shift
WARNING: shift/reduce conflict for MAYORQUE in state 38 resolved as shift
WARNING: shift/reduce conflict for MENORIGUAL in state 38 resolved as shift
WARNING: shift/reduce conflict for MAYORIGUAL in state 38 resolved as shift
WARNING: shift/reduce conflict for IGUAL in state 38 resolved as shift
WARNING: shift/reduce conflict for DISTINTO in state 38 resolved as shift
WARNING: shift/reduce conflict for COMILLA in state 38 resolved as shift
WARNING: shift/reduce conflict for SUMA in state 39 resolved as shift
WARNING: shift/reduce conflict for RESTA in state 39 resolved as shift
WARNING: shift/reduce conflict for MULT in state 39 resolved as shift
WARNING: shift/reduce conflict for DIV in state 39 resolved as shift
WARNING: shift/reduce conflict for POTENCIA in state 39 resolved as shift
WARNING: shift/reduce conflict for MODULO in state 39 resolved as shift
WARNING: shift/reduce conflict for MENORQUE in state 39 resolved as shift
WARNING: shift/reduce conflict for MAYORQUE in state 39 resolved as shift
WARNING: shift/reduce conflict for MENORIGUAL in state 39 resolved as shift
WARNING: shift/reduce conflict for MAYORIGUAL in state 39 resolved as shift
WARNING: shift/reduce conflict for IGUAL in state 39 resolved as shift
WARNING: shift/reduce conflict for DISTINTO in state 39 resolved as shift
WARNING: shift/reduce conflict for COMILLA in state 39 resolved as shift
WARNING: shift/reduce conflict for SUMA in state 40 resolved as shift
WARNING: shift/reduce conflict for RESTA in state 40 resolved as shift
WARNING: shift/reduce conflict for MULT in state 40 resolved as shift
WARNING: shift/reduce conflict for DIV in state 40 resolved as shift
WARNING: shift/reduce conflict for POTENCIA in state 40 resolved as shift
WARNING: shift/reduce conflict for MODULO in state 40 resolved as shift
WARNING: shift/reduce conflict for MENORQUE in state 40 resolved as shift
WARNING: shift/reduce conflict for MAYORQUE in state 40 resolved as shift
WARNING: shift/reduce conflict for MENORIGUAL in state 40 resolved as shift
WARNING: shift/reduce conflict for MAYORIGUAL in state 40 resolved as shift
WARNING: shift/reduce conflict for IGUAL in state 40 resolved as shift
WARNING: shift/reduce conflict for DISTINTO in state 40 resolved as shift
WARNING: shift/reduce conflict for COMILLA in state 40 resolved as shift
WARNING: shift/reduce conflict for SUMA in state 41 resolved as shift
WARNING: shift/reduce conflict for RESTA in state 41 resolved as shift
WARNING: shift/reduce conflict for MULT in state 41 resolved as shift
WARNING: shift/reduce conflict for DIV in state 41 resolved as shift
WARNING: shift/reduce conflict for POTENCIA in state 41 resolved as shift
WARNING: shift/reduce conflict for MODULO in state 41 resolved as shift
WARNING: shift/reduce conflict for MENORQUE in state 41 resolved as shift
WARNING: shift/reduce conflict for MAYORQUE in state 41 resolved as shift
WARNING: shift/reduce conflict for MENORIGUAL in state 41 resolved as shift
WARNING: shift/reduce conflict for MAYORIGUAL in state 41 resolved as shift
WARNING: shift/reduce conflict for IGUAL in state 41 resolved as shift
WARNING: shift/reduce conflict for DISTINTO in state 41 resolved as shift
WARNING: shift/reduce conflict for COMILLA in state 41 resolved as shift
